0 info it worked if it ends with ok
1 verbose cli [ '/home/zulu/.node/current/bin/node',
1 verbose cli   '/home/zulu/.node/current/bin/npm',
1 verbose cli   'install' ]
2 info using npm@2.14.9
3 info using node@v0.12.9
4 verbose node symlink /home/zulu/.node/current/bin/node
5 verbose readDependencies loading dependencies from /run/media/zulu/Datos/live_html/zku7.github.io/package.json
6 error install Couldn't read dependencies
7 verbose stack Error: ENOENT, open '/run/media/zulu/Datos/live_html/zku7.github.io/package.json'
7 verbose stack     at Error (native)
8 verbose cwd /run/media/zulu/Datos/live_html/zku7.github.io
9 error Linux 3.14.58-1-MANJARO
10 error argv "/home/zulu/.node/current/bin/node" "/home/zulu/.node/current/bin/npm" "install"
11 error node v0.12.9
12 error npm  v2.14.9
13 error path /run/media/zulu/Datos/live_html/zku7.github.io/package.json
14 error code ENOPACKAGEJSON
15 error errno -2
16 error package.json ENOENT, open '/run/media/zulu/Datos/live_html/zku7.github.io/package.json'
16 error package.json This is most likely not a problem with npm itself.
16 error package.json npm can't find a package.json file in your current directory.
17 verbose exit [ -2, true ]
